<?xml version="1.0" encoding="UTF-8"?>
<!-- Generated by org.testng.reporters.JUnitReportReporter -->
<testsuite hostname="MFCLT9J28003" failures="0" tests="1" name="Automation.ExtendsReports.ExtentReportsDemo" time="14.908" errors="0" timestamp="2024-01-29T18:15:41 IST" skipped="0">
  <testcase classname="Automation.ExtendsReports.ExtentReportsDemo" name="initialDemo" time="14.908"/>
  <system-out/>
</testsuite> <!-- Automation.ExtendsReports.ExtentReportsDemo -->
